<?xml version="1.0" encoding="UTF-8"?>
<!-- Generated by org.testng.reporters.JUnitXMLReporter -->
<testsuite ignored="0" hostname="DESKTOP-AO2S42G" failures="0" tests="4" name="Test" time="0.101" errors="0" timestamp="14 Oct 2021 07:17:50 GMT">
  <testcase classname="com.freecrm.qa.testcases.RegistrationPageTest" name="@BeforeMethod setup" time="0.01">
    <failure type="java.lang.NullPointerException" message="Cannot invoke &amp;quot;String.equalsIgnoreCase(String)&amp;quot; because &amp;quot;browserName&amp;quot; is null">
      <![CDATA[java.lang.NullPointerException: Cannot invoke "String.equalsIgnoreCase(String)" because "browserName" is null
	at com.freecrm.qa.base.TestBase.initialization(TestBase.java:34)
	at com.freecrm.qa.testcases.RegistrationPageTest.setup(RegistrationPageTest.java:24)
... Removed 27 stack frames]]>
    </failure>
  </testcase> <!-- @BeforeMethod setup -->
  <testcase classname="com.freecrm.qa.testcases.RegistrationPageTest" name="@BeforeMethod setup" time="0.0">
    <skipped/>
  </testcase> <!-- @BeforeMethod setup -->
  <testcase classname="com.freecrm.qa.testcases.RegistrationPageTest" name="@BeforeMethod setup" time="0.0">
    <skipped/>
  </testcase> <!-- @BeforeMethod setup -->
  <testcase classname="com.freecrm.qa.testcases.RegistrationPageTest" name="@BeforeMethod setup" time="0.0">
    <skipped/>
  </testcase> <!-- @BeforeMethod setup -->
  <testcase classname="com.freecrm.qa.testcases.RegistrationPageTest" name="verifyRegistrationPageTitleTest" time="0.0">
    <skipped/>
  </testcase> <!-- verifyRegistrationPageTitleTest -->
  <testcase classname="com.freecrm.qa.testcases.RegistrationPageTest" name="verifyCRMLogoTest" time="0.0">
    <skipped/>
  </testcase> <!-- verifyCRMLogoTest -->
  <testcase classname="com.freecrm.qa.testcases.RegistrationPageTest" name="verifyRegistrationProcessTest" time="0.0">
    <skipped/>
  </testcase> <!-- verifyRegistrationProcessTest -->
  <testcase classname="com.freecrm.qa.testcases.RegistrationPageTest" name="gotoLoginPageTest" time="0.0">
    <skipped/>
  </testcase> <!-- gotoLoginPageTest -->
</testsuite> <!-- Test -->
