<?xml version="1.0" encoding="UTF-8"?>
<!-- Generated by org.testng.reporters.JUnitXMLReporter -->
<testsuite ignored="0" hostname="DESKTOP-AO2S42G" failures="0" tests="3" name="Default test" time="130.933" errors="0" timestamp="04 Mar 2022 14:20:57 GMT">
  <testcase classname="com.webshop.qa.testcases.OrderNumber_LogOutPageTest" name="verifyOrderPlacementMessageTest" time="0.106"/>
  <testcase classname="com.webshop.qa.testcases.OrderNumber_LogOutPageTest" name="captureTheOrderNumberTest" time="0.083"/>
  <testcase classname="com.webshop.qa.testcases.OrderNumber_LogOutPageTest" name="clickOnContinueBtnAndLogoutTest" time="2.138"/>
</testsuite> <!-- Default test -->
