<?xml version="1.0" encoding="UTF-8"?>
<!-- Generated by org.testng.reporters.JUnitXMLReporter -->
<testsuite ignored="0" hostname="DESKTOP-AO2S42G" failures="0" tests="5" name="Default test" time="108.313" errors="0" timestamp="07 Mar 2022 12:19:28 GMT">
  <testcase classname="com.webshop.qa.testcases.LandingPageTest" name="validateBrokenLinksOnLandingPage" time="46.838"/>
  <testcase classname="com.webshop.qa.testcases.LandingPageTest" name="verifyLandingPageTitleTest" time="0.056"/>
  <testcase classname="com.webshop.qa.testcases.LandingPageTest" name="verifyLoginLinkDisplayTest" time="0.146"/>
  <testcase classname="com.webshop.qa.testcases.LandingPageTest" name="verifyWebShopImagePresentTest" time="0.109"/>
  <testcase classname="com.webshop.qa.testcases.LandingPageTest" name="clickOnLoginLinkTest" time="0.797"/>
</testsuite> <!-- Default test -->
